<?xml version="1.0" encoding="UTF-8"?>
<testng-results ignored="0" total="6" passed="5" failed="1" skipped="0">
  <reporter-output>
  </reporter-output>
  <suite started-at="2024-04-18T12:20:11 IST" name="Default suite" finished-at="2024-04-18T12:20:42 IST" duration-ms="31640">
    <groups>
    </groups>
    <test started-at="2024-04-18T12:20:11 IST" name="Default test" finished-at="2024-04-18T12:20:42 IST" duration-ms="31640">
      <class name="com.testCases.HomePageTestCases">
        <test-method is-config="true" signature="gearUp()[pri:0, instance:com.testCases.HomePageTestCases@d9345cd]" started-at="2024-04-18T12:20:11 IST" name="gearUp" finished-at="2024-04-18T12:20:16 IST" duration-ms="4892" status="PASS">
          <reporter-output>
          </reporter-output>
        </test-method> <!-- gearUp -->
        <test-method signature="verify_Product_Filter_A_to_Z_Test()[pri:0, instance:com.testCases.HomePageTestCases@d9345cd]" started-at="2024-04-18T12:20:16 IST" name="verify_Product_Filter_A_to_Z_Test" description="Verify product filter A to Z " finished-at="2024-04-18T12:20:17 IST" duration-ms="992" status="PASS">
          <reporter-output>
          </reporter-output>
        </test-method> <!-- verify_Product_Filter_A_to_Z_Test -->
        <test-method is-config="true" signature="gearDown()[pri:0, instance:com.testCases.HomePageTestCases@d9345cd]" started-at="2024-04-18T12:20:17 IST" name="gearDown" finished-at="2024-04-18T12:20:17 IST" duration-ms="172" status="PASS">
          <reporter-output>
          </reporter-output>
        </test-method> <!-- gearDown -->
        <test-method is-config="true" signature="gearUp()[pri:0, instance:com.testCases.HomePageTestCases@d9345cd]" started-at="2024-04-18T12:20:17 IST" name="gearUp" finished-at="2024-04-18T12:20:21 IST" duration-ms="3797" status="PASS">
          <reporter-output>
          </reporter-output>
        </test-method> <!-- gearUp -->
        <test-method signature="verify_Product_Filter_Z_to_A_Test()[pri:0, instance:com.testCases.HomePageTestCases@d9345cd]" started-at="2024-04-18T12:20:21 IST" name="verify_Product_Filter_Z_to_A_Test" description="Verify product filter Z to A " finished-at="2024-04-18T12:20:22 IST" duration-ms="962" status="PASS">
          <reporter-output>
          </reporter-output>
        </test-method> <!-- verify_Product_Filter_Z_to_A_Test -->
        <test-method is-config="true" signature="gearDown()[pri:0, instance:com.testCases.HomePageTestCases@d9345cd]" started-at="2024-04-18T12:20:22 IST" name="gearDown" finished-at="2024-04-18T12:20:22 IST" duration-ms="213" status="PASS">
          <reporter-output>
          </reporter-output>
        </test-method> <!-- gearDown -->
        <test-method is-config="true" signature="gearUp()[pri:0, instance:com.testCases.HomePageTestCases@d9345cd]" started-at="2024-04-18T12:20:22 IST" name="gearUp" finished-at="2024-04-18T12:20:26 IST" duration-ms="4156" status="PASS">
          <reporter-output>
          </reporter-output>
        </test-method> <!-- gearUp -->
        <test-method signature="verify_Product_cart_button_enabled_Test()[pri:0, instance:com.testCases.HomePageTestCases@d9345cd]" started-at="2024-04-18T12:20:26 IST" name="verify_Product_cart_button_enabled_Test" description="Verify All the Add to cart button enabled" finished-at="2024-04-18T12:20:26 IST" duration-ms="498" status="PASS">
          <reporter-output>
          </reporter-output>
        </test-method> <!-- verify_Product_cart_button_enabled_Test -->
        <test-method is-config="true" signature="gearDown()[pri:0, instance:com.testCases.HomePageTestCases@d9345cd]" started-at="2024-04-18T12:20:26 IST" name="gearDown" finished-at="2024-04-18T12:20:27 IST" duration-ms="215" status="PASS">
          <reporter-output>
          </reporter-output>
        </test-method> <!-- gearDown -->
        <test-method is-config="true" signature="gearUp()[pri:0, instance:com.testCases.HomePageTestCases@d9345cd]" started-at="2024-04-18T12:20:27 IST" name="gearUp" finished-at="2024-04-18T12:20:31 IST" duration-ms="4194" status="PASS">
          <reporter-output>
          </reporter-output>
        </test-method> <!-- gearUp -->
        <test-method signature="verify_Product_count_decrement_in_cart_Test()[pri:0, instance:com.testCases.HomePageTestCases@d9345cd]" started-at="2024-04-18T12:20:31 IST" name="verify_Product_count_decrement_in_cart_Test" description="Verify product count decrement in cart " finished-at="2024-04-18T12:20:32 IST" duration-ms="874" status="PASS">
          <reporter-output>
          </reporter-output>
        </test-method> <!-- verify_Product_count_decrement_in_cart_Test -->
        <test-method is-config="true" signature="gearDown()[pri:0, instance:com.testCases.HomePageTestCases@d9345cd]" started-at="2024-04-18T12:20:32 IST" name="gearDown" finished-at="2024-04-18T12:20:32 IST" duration-ms="351" status="PASS">
          <reporter-output>
          </reporter-output>
        </test-method> <!-- gearDown -->
        <test-method is-config="true" signature="gearUp()[pri:0, instance:com.testCases.HomePageTestCases@d9345cd]" started-at="2024-04-18T12:20:32 IST" name="gearUp" finished-at="2024-04-18T12:20:37 IST" duration-ms="5134" status="PASS">
          <reporter-output>
          </reporter-output>
        </test-method> <!-- gearUp -->
        <test-method signature="verify_Product_count_in_cart_Test()[pri:0, instance:com.testCases.HomePageTestCases@d9345cd]" started-at="2024-04-18T12:20:37 IST" name="verify_Product_count_in_cart_Test" description="Verify product count increment in cart " finished-at="2024-04-18T12:20:38 IST" duration-ms="555" status="PASS">
          <reporter-output>
          </reporter-output>
        </test-method> <!-- verify_Product_count_in_cart_Test -->
        <test-method is-config="true" signature="gearDown()[pri:0, instance:com.testCases.HomePageTestCases@d9345cd]" started-at="2024-04-18T12:20:38 IST" name="gearDown" finished-at="2024-04-18T12:20:38 IST" duration-ms="201" status="PASS">
          <reporter-output>
          </reporter-output>
        </test-method> <!-- gearDown -->
        <test-method is-config="true" signature="gearUp()[pri:0, instance:com.testCases.HomePageTestCases@d9345cd]" started-at="2024-04-18T12:20:38 IST" name="gearUp" finished-at="2024-04-18T12:20:42 IST" duration-ms="3689" status="PASS">
          <reporter-output>
          </reporter-output>
        </test-method> <!-- gearUp -->
        <test-method signature="verify_Product_images_visibility_Test()[pri:0, instance:com.testCases.HomePageTestCases@d9345cd]" started-at="2024-04-18T12:20:42 IST" name="verify_Product_images_visibility_Test" description="Verify All the product Images are visible" finished-at="2024-04-18T12:20:42 IST" duration-ms="453" status="FAIL">
          <exception class="java.lang.AssertionError">
            <message>
              <![CDATA[images are broken in Home page expected [true] but found [false]]]>
            </message>
            <full-stacktrace>
              <![CDATA[java.lang.AssertionError: images are broken in Home page expected [true] but found [false]
at org.testng.Assert.fail(Assert.java:111)
at org.testng.Assert.failNotEquals(Assert.java:1578)
at org.testng.Assert.assertEqualsImpl(Assert.java:150)
at org.testng.Assert.assertEquals(Assert.java:132)
at org.testng.Assert.assertEquals(Assert.java:1067)
at org.testng.Assert.assertEquals(Assert.java:1031)
at com.testCases.HomePageTestCases.verify_Product_images_visibility_Test(HomePageTestCases.java:31)
at java.base/jdk.internal.reflect.NativeMethodAccessorImpl.invoke0(Native Method)
at java.base/jdk.internal.reflect.NativeMethodAccessorImpl.invoke(NativeMethodAccessorImpl.java:77)
at java.base/jdk.internal.reflect.DelegatingMethodAccessorImpl.invoke(DelegatingMethodAccessorImpl.java:43)
at java.base/java.lang.reflect.Method.invoke(Method.java:568)
at org.testng.internal.invokers.MethodInvocationHelper.invokeMethod(MethodInvocationHelper.java:139)
at org.testng.internal.invokers.TestInvoker.invokeMethod(TestInvoker.java:664)
at org.testng.internal.invokers.TestInvoker.invokeTestMethod(TestInvoker.java:228)
at org.testng.internal.invokers.MethodRunner.runInSequence(MethodRunner.java:63)
at org.testng.internal.invokers.TestInvoker$MethodInvocationAgent.invoke(TestInvoker.java:961)
at org.testng.internal.invokers.TestInvoker.invokeTestMethods(TestInvoker.java:201)
at org.testng.internal.invokers.TestMethodWorker.invokeTestMethods(TestMethodWorker.java:148)
at org.testng.internal.invokers.TestMethodWorker.run(TestMethodWorker.java:128)
at java.base/java.util.ArrayList.forEach(ArrayList.java:1511)
at org.testng.TestRunner.privateRun(TestRunner.java:819)
at org.testng.TestRunner.run(TestRunner.java:619)
at org.testng.SuiteRunner.runTest(SuiteRunner.java:443)
at org.testng.SuiteRunner.runSequentially(SuiteRunner.java:437)
at org.testng.SuiteRunner.privateRun(SuiteRunner.java:397)
at org.testng.SuiteRunner.run(SuiteRunner.java:336)
at org.testng.SuiteRunnerWorker.runSuite(SuiteRunnerWorker.java:52)
at org.testng.SuiteRunnerWorker.run(SuiteRunnerWorker.java:95)
at org.testng.TestNG.runSuitesSequentially(TestNG.java:1301)
at org.testng.TestNG.runSuitesLocally(TestNG.java:1228)
at org.testng.TestNG.runSuites(TestNG.java:1134)
at org.testng.TestNG.run(TestNG.java:1101)
at org.testng.remote.AbstractRemoteTestNG.run(AbstractRemoteTestNG.java:115)
at org.testng.remote.RemoteTestNG.initAndRun(RemoteTestNG.java:251)
at org.testng.remote.RemoteTestNG.main(RemoteTestNG.java:77)
]]>
            </full-stacktrace>
          </exception> <!-- java.lang.AssertionError -->
          <reporter-output>
          </reporter-output>
        </test-method> <!-- verify_Product_images_visibility_Test -->
        <test-method is-config="true" signature="gearDown()[pri:0, instance:com.testCases.HomePageTestCases@d9345cd]" started-at="2024-04-18T12:20:42 IST" name="gearDown" finished-at="2024-04-18T12:20:42 IST" duration-ms="216" status="PASS">
          <reporter-output>
          </reporter-output>
        </test-method> <!-- gearDown -->
      </class> <!-- com.testCases.HomePageTestCases -->
    </test> <!-- Default test -->
  </suite> <!-- Default suite -->
</testng-results>
